[0mCompiling "resources/public/js/main.js" from ["src"]...
Compiling src/om_tutorial/core.cljs
Compiling target/figwheel_temp/dev/figwheel/connect.cljs
notifying browser that file changed:  resources/public/js/goog/deps.js
notifying browser that file changed:  resources/public/js/cljs_deps.js
notifying browser that file changed:  out/om_tutorial/core.js
[32mSuccessfully compiled "resources/public/js/main.js" in 0.321 seconds.[0m
[0mCompiling "resources/public/js/main.js" from ["src"]...
Compiling src/om_tutorial/core.cljs
Compiling target/figwheel_temp/dev/figwheel/connect.cljs
notifying browser that file changed:  out/om_tutorial/core.js
[32mSuccessfully compiled "resources/public/js/main.js" in 0.236 seconds.[0m
[0mCompiling "resources/public/js/main.js" from ["src"]...
Compiling src/om_tutorial/core.cljs
Compiling target/figwheel_temp/dev/figwheel/connect.cljs
notifying browser that file changed:  out/om_tutorial/core.js
[32mSuccessfully compiled "resources/public/js/main.js" in 0.218 seconds.[0m
[0mCompiling "resources/public/js/main.js" from ["src"]...
Compiling src/om_tutorial/core.cljs
Compiling target/figwheel_temp/dev/figwheel/connect.cljs
notifying browser that file changed:  resources/public/js/goog/deps.js
notifying browser that file changed:  resources/public/js/cljs_deps.js
notifying browser that file changed:  out/om_tutorial/core.js
[32mSuccessfully compiled "resources/public/js/main.js" in 0.376 seconds.[0m
[0mCompiling "resources/public/js/main.js" from ["src"]...
Compiling src/om_tutorial/core.cljs
Compiling target/figwheel_temp/dev/figwheel/connect.cljs
notifying browser that file changed:  out/om_tutorial/core.js
[32mSuccessfully compiled "resources/public/js/main.js" in 0.245 seconds.[0m
[0mCompiling "resources/public/js/main.js" from ["src"]...
Compiling src/om_tutorial/core.cljs
Compiling target/figwheel_temp/dev/figwheel/connect.cljs
notifying browser that file changed:  resources/public/js/goog/deps.js
notifying browser that file changed:  resources/public/js/cljs_deps.js
notifying browser that file changed:  out/om_tutorial/core.js
[32mSuccessfully compiled "resources/public/js/main.js" in 0.333 seconds.[0m
[0mCompiling "resources/public/js/main.js" from ["src"]...
Compiling src/om_tutorial/core.cljs
Compiling target/figwheel_temp/dev/figwheel/connect.cljs
notifying browser that file changed:  out/om_tutorial/core.js
[32mSuccessfully compiled "resources/public/js/main.js" in 0.24 seconds.[0m
[0mCompiling "resources/public/js/main.js" from ["src"]...
Compiling src/om_tutorial/core.cljs
Compiling target/figwheel_temp/dev/figwheel/connect.cljs
notifying browser that file changed:  out/om_tutorial/core.js
[32mSuccessfully compiled "resources/public/js/main.js" in 0.231 seconds.[0m
[0mCompiling "resources/public/js/main.js" from ["src"]...
Compiling src/om_tutorial/core.cljs
Compiling target/figwheel_temp/dev/figwheel/connect.cljs
notifying browser that file changed:  out/om_tutorial/core.js
[32mSuccessfully compiled "resources/public/js/main.js" in 0.241 seconds.[0m
[0mCompiling "resources/public/js/main.js" from ["src"]...
Compiling src/om_tutorial/core.cljs
Compiling target/figwheel_temp/dev/figwheel/connect.cljs
notifying browser that file changed:  out/om_tutorial/core.js
[32mSuccessfully compiled "resources/public/js/main.js" in 0.266 seconds.[0m
[0mCompiling "resources/public/js/main.js" from ["src"]...
Compiling src/om_tutorial/core.cljs
Compiling target/figwheel_temp/dev/figwheel/connect.cljs
notifying browser that file changed:  out/om_tutorial/core.js
[32mSuccessfully compiled "resources/public/js/main.js" in 0.244 seconds.[0m
[0mCompiling "resources/public/js/main.js" from ["src"]...
Compiling src/om_tutorial/core.cljs
Compiling target/figwheel_temp/dev/figwheel/connect.cljs
notifying browser that file changed:  out/om_tutorial/core.js
[32mSuccessfully compiled "resources/public/js/main.js" in 0.233 seconds.[0m
[0mCompiling "resources/public/js/main.js" from ["src"]...
Compiling src/om_tutorial/core.cljs
Compiling target/figwheel_temp/dev/figwheel/connect.cljs
notifying browser that file changed:  out/om_tutorial/core.js
[32mSuccessfully compiled "resources/public/js/main.js" in 0.246 seconds.[0m
[0mCompiling "resources/public/js/main.js" from ["src"]...
Compiling src/om_tutorial/core.cljs
Compiling target/figwheel_temp/dev/figwheel/connect.cljs
notifying browser that file changed:  resources/public/js/goog/deps.js
notifying browser that file changed:  resources/public/js/cljs_deps.js
notifying browser that file changed:  out/om_tutorial/core.js
[32mSuccessfully compiled "resources/public/js/main.js" in 0.423 seconds.[0m
[0mCompiling "resources/public/js/main.js" from ["src"]...
Compiling src/om_tutorial/core.cljs
Compiling target/figwheel_temp/dev/figwheel/connect.cljs
notifying browser that file changed:  out/om_tutorial/core.js
[32mSuccessfully compiled "resources/public/js/main.js" in 0.277 seconds.[0m
[0mCompiling "resources/public/js/main.js" from ["src"]...
Compiling src/om_tutorial/core.cljs
Compiling target/figwheel_temp/dev/figwheel/connect.cljs
notifying browser that file changed:  out/om_tutorial/core.js
[32mSuccessfully compiled "resources/public/js/main.js" in 0.381 seconds.[0m
[0mCompiling "resources/public/js/main.js" from ["src"]...
Compiling src/om_tutorial/core.cljs
Compiling target/figwheel_temp/dev/figwheel/connect.cljs
notifying browser that file changed:  out/om_tutorial/core.js
[32mSuccessfully compiled "resources/public/js/main.js" in 0.312 seconds.[0m
[0mCompiling "resources/public/js/main.js" from ["src"]...
Compiling src/om_tutorial/core.cljs
Compiling target/figwheel_temp/dev/figwheel/connect.cljs
notifying browser that file changed:  resources/public/js/goog/deps.js
notifying browser that file changed:  resources/public/js/cljs_deps.js
notifying browser that file changed:  out/om_tutorial/core.js
[32mSuccessfully compiled "resources/public/js/main.js" in 0.594 seconds.[0m
[0mCompiling "resources/public/js/main.js" from ["src"]...
Compiling src/om_tutorial/core.cljs
Compiling target/figwheel_temp/dev/figwheel/connect.cljs
notifying browser that file changed:  out/om_tutorial/core.js
[32mSuccessfully compiled "resources/public/js/main.js" in 0.283 seconds.[0m
[0mCompiling "resources/public/js/main.js" from ["src"]...
Compiling src/om_tutorial/core.cljs
Compiling target/figwheel_temp/dev/figwheel/connect.cljs
notifying browser that file changed:  out/om_tutorial/core.js
[32mSuccessfully compiled "resources/public/js/main.js" in 0.3 seconds.[0m
[0mCompiling "resources/public/js/main.js" from ["src"]...
Compiling src/om_tutorial/core.cljs
Compiling target/figwheel_temp/dev/figwheel/connect.cljs
notifying browser that file changed:  out/om_tutorial/core.js
[32mSuccessfully compiled "resources/public/js/main.js" in 0.253 seconds.[0m
[0mCompiling "resources/public/js/main.js" from ["src"]...
Compiling /home/morteza/projects/mass/MyClojure/om-tutorial-2/src/om_tutorial/core.cljs
Compiling target/figwheel_temp/dev/figwheel/connect.cljs
Reading analysis cache for file:/home/morteza/projects/mass/MyClojure/om-tutorial-2/src/om_tutorial/core.cljs
notifying browser that file changed:  resources/public/js/goog/deps.js
notifying browser that file changed:  resources/public/js/cljs_deps.js
notifying browser that file changed:  out/om_tutorial/core.js
[32mSuccessfully compiled "resources/public/js/main.js" in 0.3 seconds.[0m
[0mCompiling "resources/public/js/main.js" from ["src"]...
Compiling /home/morteza/projects/mass/MyClojure/om-tutorial-2/src/om_tutorial/core.cljs
Compiling target/figwheel_temp/dev/figwheel/connect.cljs
notifying browser that file changed:  out/om_tutorial/core.js
[32mSuccessfully compiled "resources/public/js/main.js" in 0.216 seconds.[0m
[0mCompiling "resources/public/js/main.js" from ["src"]...
Compiling /home/morteza/projects/mass/MyClojure/om-tutorial-2/src/om_tutorial/core.cljs
Compiling target/figwheel_temp/dev/figwheel/connect.cljs
notifying browser that file changed:  out/om_tutorial/core.js
[32mSuccessfully compiled "resources/public/js/main.js" in 0.257 seconds.[0m
[0mCompiling "resources/public/js/main.js" from ["src"]...
Compiling /home/morteza/projects/mass/MyClojure/om-tutorial-2/src/om_tutorial/core.cljs
Compiling target/figwheel_temp/dev/figwheel/connect.cljs
notifying browser that file changed:  out/om_tutorial/core.js
[32mSuccessfully compiled "resources/public/js/main.js" in 0.35 seconds.[0m
[0mCompiling "resources/public/js/main.js" from ["src"]...
Compiling /home/morteza/projects/mass/MyClojure/om-tutorial-2/src/om_tutorial/core.cljs
Compiling target/figwheel_temp/dev/figwheel/connect.cljs
notifying browser that file changed:  out/om_tutorial/core.js
[32mSuccessfully compiled "resources/public/js/main.js" in 0.311 seconds.[0m
[0mCompiling "resources/public/js/main.js" from ["src"]...
Compiling /home/morteza/projects/mass/MyClojure/om-tutorial-2/src/om_tutorial/core.cljs
Compiling target/figwheel_temp/dev/figwheel/connect.cljs
notifying browser that file changed:  out/om_tutorial/core.js
[32mSuccessfully compiled "resources/public/js/main.js" in 0.308 seconds.[0m
[0mCompiling "resources/public/js/main.js" from ["src"]...
Compiling /home/morteza/projects/mass/MyClojure/om-tutorial-2/src/om_tutorial/core.cljs
Compiling target/figwheel_temp/dev/figwheel/connect.cljs
notifying browser that file changed:  out/om_tutorial/core.js
[32mSuccessfully compiled "resources/public/js/main.js" in 0.389 seconds.[0m
[0mCompiling "resources/public/js/main.js" from ["src"]...
Compiling /home/morteza/projects/mass/MyClojure/om-tutorial-2/src/om_tutorial/core.cljs
Compiling target/figwheel_temp/dev/figwheel/connect.cljs
notifying browser that file changed:  out/om_tutorial/core.js
[32mSuccessfully compiled "resources/public/js/main.js" in 0.335 seconds.[0m
[0mCompiling "resources/public/js/main.js" from ["src"]...
Compiling /home/morteza/projects/mass/MyClojure/om-tutorial-2/src/om_tutorial/core.cljs
Compiling target/figwheel_temp/dev/figwheel/connect.cljs
notifying browser that file changed:  out/om_tutorial/core.js
[32mSuccessfully compiled "resources/public/js/main.js" in 0.386 seconds.[0m
[0mCompiling "resources/public/js/main.js" from ["src"]...
Compiling /home/morteza/projects/mass/MyClojure/om-tutorial-2/src/om_tutorial/core.cljs
Compiling target/figwheel_temp/dev/figwheel/connect.cljs
notifying browser that file changed:  out/om_tutorial/core.js
[32mSuccessfully compiled "resources/public/js/main.js" in 0.385 seconds.[0m
[0mCompiling "resources/public/js/main.js" from ["src"]...
Compiling /home/morteza/projects/mass/MyClojure/om-tutorial-2/src/om_tutorial/core.cljs
Compiling target/figwheel_temp/dev/figwheel/connect.cljs
notifying browser that file changed:  out/om_tutorial/core.js
[32mSuccessfully compiled "resources/public/js/main.js" in 0.396 seconds.[0m
[0mCompiling "resources/public/js/main.js" from ["src"]...
Compiling /home/morteza/projects/mass/MyClojure/om-tutorial-2/src/om_tutorial/core.cljs
Compiling target/figwheel_temp/dev/figwheel/connect.cljs
notifying browser that file changed:  out/om_tutorial/core.js
[32mSuccessfully compiled "resources/public/js/main.js" in 0.373 seconds.[0m
[0mCompiling "resources/public/js/main.js" from ["src"]...
Compiling /home/morteza/projects/mass/MyClojure/om-tutorial-2/src/om_tutorial/core.cljs
Compiling target/figwheel_temp/dev/figwheel/connect.cljs
notifying browser that file changed:  out/om_tutorial/core.js
[32mSuccessfully compiled "resources/public/js/main.js" in 0.386 seconds.[0m
[0mCompiling "resources/public/js/main.js" from ["src"]...
Compiling /home/morteza/projects/mass/MyClojure/om-tutorial-2/src/om_tutorial/core.cljs
Compiling target/figwheel_temp/dev/figwheel/connect.cljs
notifying browser that file changed:  out/om_tutorial/core.js
[32mSuccessfully compiled "resources/public/js/main.js" in 0.406 seconds.[0m
[0mCompiling "resources/public/js/main.js" from ["src"]...
Compiling /home/morteza/projects/mass/MyClojure/om-tutorial-2/src/om_tutorial/core.cljs
Compiling target/figwheel_temp/dev/figwheel/connect.cljs
notifying browser that file changed:  out/om_tutorial/core.js
[32mSuccessfully compiled "resources/public/js/main.js" in 0.38 seconds.[0m
[0mCompiling "resources/public/js/main.js" from ["src"]...
Compiling /home/morteza/projects/mass/MyClojure/om-tutorial-2/src/om_tutorial/core.cljs
WARNING: Use of undeclared Var om-tutorial.core/age at line 60 /home/morteza/projects/mass/MyClojure/om-tutorial-2/src/om_tutorial/core.cljs
Compiling target/figwheel_temp/dev/figwheel/connect.cljs
notifying browser that file changed:  resources/public/js/goog/deps.js
notifying browser that file changed:  resources/public/js/cljs_deps.js
notifying browser that file changed:  out/om_tutorial/core.js
[32mSuccessfully compiled "resources/public/js/main.js" in 0.628 seconds.[0m
[0mCompiling "resources/public/js/main.js" from ["src"]...
Compiling /home/morteza/projects/mass/MyClojure/om-tutorial-2/src/om_tutorial/core.cljs
Compiling target/figwheel_temp/dev/figwheel/connect.cljs
notifying browser that file changed:  out/om_tutorial/core.js
[32mSuccessfully compiled "resources/public/js/main.js" in 0.412 seconds.[0m
[0mCompiling "resources/public/js/main.js" from ["src"]...
Compiling /home/morteza/projects/mass/MyClojure/om-tutorial-2/src/om_tutorial/core.cljs
Compiling target/figwheel_temp/dev/figwheel/connect.cljs
notifying browser that file changed:  out/om_tutorial/core.js
[32mSuccessfully compiled "resources/public/js/main.js" in 0.417 seconds.[0m
[0mCompiling "resources/public/js/main.js" from ["src"]...
Compiling /home/morteza/projects/mass/MyClojure/om-tutorial-2/src/om_tutorial/core.cljs
Compiling target/figwheel_temp/dev/figwheel/connect.cljs
notifying browser that file changed:  out/om_tutorial/core.js
[32mSuccessfully compiled "resources/public/js/main.js" in 0.378 seconds.[0m
[0mCompiling "resources/public/js/main.js" from ["src"]...
Compiling /home/morteza/projects/mass/MyClojure/om-tutorial-2/src/om_tutorial/core.cljs
WARNING: Use of undeclared Var cljs.core/defmethod at line 48 /home/morteza/projects/mass/MyClojure/om-tutorial-2/src/om_tutorial/core.cljs
WARNING: Use of undeclared Var om-tutorial.core/state at line 49 /home/morteza/projects/mass/MyClojure/om-tutorial-2/src/om_tutorial/core.cljs
WARNING: Use of undeclared Var om-tutorial.core/_ at line 49 /home/morteza/projects/mass/MyClojure/om-tutorial-2/src/om_tutorial/core.cljs
WARNING: Use of undeclared Var om-tutorial.core/state at line 52 /home/morteza/projects/mass/MyClojure/om-tutorial-2/src/om_tutorial/core.cljs
Compiling target/figwheel_temp/dev/figwheel/connect.cljs
notifying browser that file changed:  out/om_tutorial/core.js
[32mSuccessfully compiled "resources/public/js/main.js" in 0.451 seconds.[0m
[0mCompiling "resources/public/js/main.js" from ["src"]...
Compiling /home/morteza/projects/mass/MyClojure/om-tutorial-2/src/om_tutorial/core.cljs
Compiling target/figwheel_temp/dev/figwheel/connect.cljs
notifying browser that file changed:  out/om_tutorial/core.js
[32mSuccessfully compiled "resources/public/js/main.js" in 0.401 seconds.[0m
[0mCompiling "resources/public/js/main.js" from ["src"]...
Compiling /home/morteza/projects/mass/MyClojure/om-tutorial-2/src/om_tutorial/core.cljs
Compiling target/figwheel_temp/dev/figwheel/connect.cljs
notifying browser that file changed:  out/om_tutorial/core.js
[32mSuccessfully compiled "resources/public/js/main.js" in 0.429 seconds.[0m
[0mCompiling "resources/public/js/main.js" from ["src"]...
Compiling /home/morteza/projects/mass/MyClojure/om-tutorial-2/src/om_tutorial/core.cljs
Compiling target/figwheel_temp/dev/figwheel/connect.cljs
notifying browser that file changed:  out/om_tutorial/core.js
[32mSuccessfully compiled "resources/public/js/main.js" in 0.414 seconds.[0m
[0mCompiling "resources/public/js/main.js" from ["src"]...
Compiling /home/morteza/projects/mass/MyClojure/om-tutorial-2/src/om_tutorial/core.cljs
Compiling target/figwheel_temp/dev/figwheel/connect.cljs
notifying browser that file changed:  out/om_tutorial/core.js
[32mSuccessfully compiled "resources/public/js/main.js" in 0.412 seconds.[0m
[0mCompiling "resources/public/js/main.js" from ["src"]...
Compiling /home/morteza/projects/mass/MyClojure/om-tutorial-2/src/om_tutorial/core.cljs
Compiling target/figwheel_temp/dev/figwheel/connect.cljs
notifying browser that file changed:  out/om_tutorial/core.js
[32mSuccessfully compiled "resources/public/js/main.js" in 0.41 seconds.[0m
[0mCompiling "resources/public/js/main.js" from ["src"]...
Compiling /home/morteza/projects/mass/MyClojure/om-tutorial-2/src/om_tutorial/core.cljs
Compiling target/figwheel_temp/dev/figwheel/connect.cljs
notifying browser that file changed:  out/om_tutorial/core.js
[32mSuccessfully compiled "resources/public/js/main.js" in 0.437 seconds.[0m
[0mCompiling "resources/public/js/main.js" from ["src"]...
Compiling /home/morteza/projects/mass/MyClojure/om-tutorial-2/src/om_tutorial/core.cljs
Compiling target/figwheel_temp/dev/figwheel/connect.cljs
notifying browser that file changed:  out/om_tutorial/core.js
[32mSuccessfully compiled "resources/public/js/main.js" in 0.426 seconds.[0m
[0mCompiling "resources/public/js/main.js" from ["src"]...
Compiling /home/morteza/projects/mass/MyClojure/om-tutorial-2/src/om_tutorial/core.cljs
Compiling target/figwheel_temp/dev/figwheel/connect.cljs
notifying browser that file changed:  resources/public/js/goog/deps.js
notifying browser that file changed:  resources/public/js/cljs_deps.js
notifying browser that file changed:  out/om_tutorial/core.js
[32mSuccessfully compiled "resources/public/js/main.js" in 0.661 seconds.[0m
[0mCompiling "resources/public/js/main.js" from ["src"]...
Compiling /home/morteza/projects/mass/MyClojure/om-tutorial-2/src/om_tutorial/core.cljs
Compiling target/figwheel_temp/dev/figwheel/connect.cljs
notifying browser that file changed:  out/om_tutorial/core.js
[32mSuccessfully compiled "resources/public/js/main.js" in 0.451 seconds.[0m
[0mCompiling "resources/public/js/main.js" from ["src"]...
Compiling /home/morteza/projects/mass/MyClojure/om-tutorial-2/src/om_tutorial/core.cljs
Compiling target/figwheel_temp/dev/figwheel/connect.cljs
notifying browser that file changed:  out/om_tutorial/core.js
[32mSuccessfully compiled "resources/public/js/main.js" in 0.389 seconds.[0m
[0mCompiling "resources/public/js/main.js" from ["src"]...
Compiling /home/morteza/projects/mass/MyClojure/om-tutorial-2/src/om_tutorial/core.cljs
Compiling target/figwheel_temp/dev/figwheel/connect.cljs
notifying browser that file changed:  out/om_tutorial/core.js
[32mSuccessfully compiled "resources/public/js/main.js" in 0.419 seconds.[0m
[0mCompiling "resources/public/js/main.js" from ["src"]...
Compiling /home/morteza/projects/mass/MyClojure/om-tutorial-2/src/om_tutorial/core.cljs
Compiling target/figwheel_temp/dev/figwheel/connect.cljs
notifying browser that file changed:  out/om_tutorial/core.js
[32mSuccessfully compiled "resources/public/js/main.js" in 0.419 seconds.[0m
[0mCompiling "resources/public/js/main.js" from ["src"]...
Compiling /home/morteza/projects/mass/MyClojure/om-tutorial-2/src/om_tutorial/core.cljs
Compiling target/figwheel_temp/dev/figwheel/connect.cljs
notifying browser that file changed:  out/om_tutorial/core.js
[32mSuccessfully compiled "resources/public/js/main.js" in 0.393 seconds.[0m
